TN:
SF:app.ts
FNF:0
FNH:0
DA:1,1
DA:2,1
DA:3,1
DA:4,1
DA:5,1
DA:6,1
DA:7,1
DA:8,1
DA:9,1
DA:10,1
DA:11,1
DA:12,1
DA:13,1
DA:14,1
DA:15,1
DA:16,1
DA:17,1
DA:18,1
DA:19,1
DA:20,1
DA:21,1
DA:22,1
DA:23,1
DA:24,1
DA:25,1
DA:26,1
DA:27,1
DA:28,1
DA:29,1
DA:30,1
DA:31,1
DA:32,1
DA:33,1
DA:34,1
DA:35,1
DA:36,1
DA:37,1
DA:38,1
DA:39,1
DA:40,1
DA:41,1
DA:42,1
DA:43,1
DA:44,1
DA:45,1
DA:46,1
DA:47,1
DA:48,1
DA:49,1
DA:50,1
DA:51,1
DA:52,1
DA:53,1
DA:54,0
DA:55,1
LF:55
LH:54
BRDA:39,0,0,1
BRDA:46,1,0,1
BRDA:49,2,0,1
BRF:3
BRH:3
end_of_record
TN:
SF:config\constant.ts
FNF:0
FNH:0
DA:1,1
DA:2,1
DA:3,1
DA:4,1
DA:5,1
DA:6,1
DA:7,1
DA:8,1
DA:9,1
DA:10,1
DA:11,1
DA:12,1
DA:13,1
DA:14,1
DA:15,1
DA:16,1
DA:17,1
DA:18,1
DA:19,1
DA:20,1
DA:21,1
DA:22,1
DA:23,1
DA:24,1
LF:24
LH:24
BRDA:17,0,0,0
BRF:1
BRH:0
end_of_record
TN:
SF:config\dbConnection.ts
FNF:0
FNH:0
DA:1,1
DA:2,1
DA:3,1
DA:4,1
DA:5,1
DA:6,1
DA:7,1
DA:8,1
DA:9,1
DA:10,1
DA:11,1
DA:12,1
DA:13,1
DA:14,1
DA:15,1
DA:16,1
DA:17,1
DA:18,1
DA:19,1
DA:20,1
DA:21,1
LF:21
LH:21
BRF:0
BRH:0
end_of_record
TN:
SF:config\redisconfig.ts
FN:5,redisconnect
FNF:1
FNH:1
FNDA:1,redisconnect
DA:1,1
DA:2,1
DA:3,1
DA:4,1
DA:5,1
DA:6,1
DA:7,1
DA:8,1
DA:9,1
DA:10,0
DA:11,0
DA:12,1
LF:12
LH:10
BRDA:5,0,0,1
BRDA:5,1,0,1
BRDA:9,2,0,0
BRF:3
BRH:2
end_of_record
TN:
SF:controllers\channelController.ts
FN:4,allChannel
FN:12,addChannel
FN:20,deleteChannel
FNF:3
FNH:0
FNDA:0,allChannel
FNDA:0,addChannel
FNDA:0,deleteChannel
DA:1,1
DA:2,1
DA:3,1
DA:4,1
DA:5,0
DA:6,0
DA:7,0
DA:8,0
DA:9,0
DA:10,0
DA:11,0
DA:12,1
DA:13,0
DA:14,0
DA:15,0
DA:16,0
DA:17,0
DA:18,0
DA:19,0
DA:20,1
DA:21,0
DA:22,0
DA:23,0
DA:24,0
DA:25,0
DA:26,0
DA:27,0
DA:28,0
LF:28
LH:6
BRF:0
BRH:0
end_of_record
TN:
SF:controllers\planController.ts
FN:4,allPlans
FN:12,addPlans
FN:21,deletePlan
FNF:3
FNH:0
FNDA:0,allPlans
FNDA:0,addPlans
FNDA:0,deletePlan
DA:1,1
DA:2,1
DA:3,1
DA:4,1
DA:5,0
DA:6,0
DA:7,0
DA:8,0
DA:9,0
DA:10,0
DA:11,0
DA:12,1
DA:13,0
DA:14,0
DA:15,0
DA:16,0
DA:17,0
DA:18,0
DA:19,0
DA:20,1
DA:21,1
DA:22,0
DA:23,0
DA:24,0
DA:25,0
DA:26,0
DA:27,0
DA:28,0
DA:29,0
LF:29
LH:7
BRF:0
BRH:0
end_of_record
TN:
SF:controllers\subscriptionController.ts
FN:4,subscribe
FNF:1
FNH:0
FNDA:0,subscribe
DA:1,1
DA:2,1
DA:3,1
DA:4,1
DA:5,0
DA:6,0
DA:7,0
DA:8,0
DA:9,0
DA:10,0
DA:11,0
DA:12,0
DA:13,0
DA:14,0
LF:14
LH:4
BRF:0
BRH:0
end_of_record
TN:
SF:controllers\userController.ts
FN:4,signup
FN:15,signin
FN:33,allSubscription
FN:42,deleteUser
FN:51,getAllUsers
FN:59,updateUser
FNF:6
FNH:0
FNDA:0,signup
FNDA:0,signin
FNDA:0,allSubscription
FNDA:0,deleteUser
FNDA:0,getAllUsers
FNDA:0,updateUser
DA:1,1
DA:2,1
DA:3,1
DA:4,1
DA:5,0
DA:6,0
DA:7,0
DA:8,0
DA:9,0
DA:10,0
DA:11,0
DA:12,0
DA:13,0
DA:14,1
DA:15,1
DA:16,0
DA:17,0
DA:18,0
DA:19,0
DA:20,0
DA:21,0
DA:22,0
DA:23,0
DA:24,0
DA:25,0
DA:26,0
DA:27,0
DA:28,0
DA:29,0
DA:30,0
DA:31,0
DA:32,1
DA:33,1
DA:34,0
DA:35,0
DA:36,0
DA:37,0
DA:38,0
DA:39,0
DA:40,0
DA:41,1
DA:42,1
DA:43,0
DA:44,0
DA:45,0
DA:46,0
DA:47,0
DA:48,0
DA:49,0
DA:50,1
DA:51,1
DA:52,0
DA:53,0
DA:54,0
DA:55,0
DA:56,0
DA:57,0
DA:58,0
DA:59,1
DA:60,0
DA:61,0
DA:62,0
DA:63,0
DA:64,0
DA:65,0
DA:66,0
LF:66
LH:13
BRF:0
BRH:0
end_of_record
TN:
SF:entity\channel.ts
FN:24,Object.<anonymous>.__decorate.onUpdate
FN:24,Object.<anonymous>.__decorate.onUpdate
FNF:2
FNH:2
FNDA:1,Object.<anonymous>.__decorate.onUpdate
FNDA:1,Object.<anonymous>.__decorate.onUpdate
DA:1,1
DA:2,1
DA:3,1
DA:4,1
DA:5,1
DA:6,1
DA:7,1
DA:8,1
DA:9,1
DA:10,1
DA:11,1
DA:12,1
DA:13,1
DA:14,1
DA:15,1
DA:16,1
DA:17,1
DA:18,1
DA:19,1
DA:20,1
DA:21,1
DA:22,1
DA:23,1
DA:24,1
DA:25,1
DA:26,1
LF:26
LH:26
BRDA:24,0,0,1
BRDA:24,1,0,1
BRF:2
BRH:2
end_of_record
TN:
SF:entity\plan.ts
FN:22,Object.<anonymous>.__decorate.onUpdate
FN:22,Object.<anonymous>.__decorate.onUpdate
FNF:2
FNH:2
FNDA:1,Object.<anonymous>.__decorate.onUpdate
FNDA:1,Object.<anonymous>.__decorate.onUpdate
DA:1,1
DA:2,1
DA:3,1
DA:4,1
DA:5,1
DA:6,1
DA:7,1
DA:8,1
DA:9,1
DA:10,1
DA:11,1
DA:12,1
DA:13,1
DA:14,1
DA:15,1
DA:16,1
DA:17,1
DA:18,1
DA:19,1
DA:20,1
DA:21,1
DA:22,1
DA:23,1
DA:24,1
LF:24
LH:24
BRDA:19,0,0,1
BRDA:19,1,0,1
BRDA:22,2,0,1
BRDA:22,3,0,1
BRF:4
BRH:4
end_of_record
TN:
SF:entity\subscription.ts
FN:31,Object.<anonymous>.__decorate.onDelete
FN:31,Object.<anonymous>.__decorate.onDelete
FNF:2
FNH:2
FNDA:1,Object.<anonymous>.__decorate.onDelete
FNDA:1,Object.<anonymous>.__decorate.onDelete
DA:1,1
DA:2,1
DA:3,1
DA:4,1
DA:5,1
DA:6,1
DA:7,1
DA:8,1
DA:9,1
DA:10,1
DA:11,1
DA:12,1
DA:13,1
DA:14,1
DA:15,1
DA:16,1
DA:17,1
DA:18,1
DA:19,1
DA:20,1
DA:21,1
DA:22,1
DA:23,1
DA:24,1
DA:25,1
DA:26,1
DA:27,1
DA:28,1
DA:29,1
DA:30,1
DA:31,1
DA:32,1
DA:33,1
LF:33
LH:33
BRDA:28,0,0,1
BRDA:28,1,0,1
BRDA:31,2,0,1
BRDA:31,3,0,1
BRF:4
BRH:4
end_of_record
TN:
SF:entity\user.ts
FN:36,Object.<anonymous>.__decorate.onDelete
FN:36,Object.<anonymous>.__decorate.onDelete
FNF:2
FNH:2
FNDA:1,Object.<anonymous>.__decorate.onDelete
FNDA:1,Object.<anonymous>.__decorate.onDelete
DA:1,1
DA:2,1
DA:3,1
DA:4,1
DA:5,1
DA:6,1
DA:7,1
DA:8,1
DA:9,1
DA:10,1
DA:11,1
DA:12,1
DA:13,1
DA:14,1
DA:15,1
DA:16,1
DA:17,1
DA:18,1
DA:19,1
DA:20,1
DA:21,1
DA:22,1
DA:23,1
DA:24,1
DA:25,1
DA:26,1
DA:27,1
DA:28,1
DA:29,1
DA:30,1
DA:31,1
DA:32,1
DA:33,1
DA:34,1
DA:35,1
DA:36,1
DA:37,1
DA:38,1
LF:38
LH:38
BRDA:36,0,0,1
BRDA:36,1,0,1
BRF:2
BRH:2
end_of_record
TN:
SF:graphql\schema\index.ts
FNF:0
FNH:0
DA:1,1
DA:2,1
DA:3,1
DA:4,1
DA:5,1
DA:6,1
DA:7,1
DA:8,1
DA:9,1
DA:10,1
DA:11,1
DA:12,1
DA:13,1
DA:14,1
DA:15,1
DA:16,1
DA:17,1
DA:18,1
DA:19,1
DA:20,1
DA:21,1
DA:22,1
DA:23,1
DA:24,1
DA:25,1
DA:26,1
DA:27,1
DA:28,1
DA:29,1
DA:30,1
DA:31,1
DA:32,1
DA:33,1
DA:34,1
DA:35,1
DA:36,1
DA:37,1
DA:38,1
DA:39,1
LF:39
LH:39
BRF:0
BRH:0
end_of_record
TN:
SF:graphql\schema\mutations\Channel.ts
FN:13,resolve
FN:23,resolve
FNF:2
FNH:2
FNDA:1,resolve
FNDA:1,resolve
DA:1,1
DA:2,1
DA:3,1
DA:4,1
DA:5,1
DA:6,1
DA:7,1
DA:8,1
DA:9,1
DA:10,1
DA:11,1
DA:12,1
DA:13,1
DA:14,1
DA:15,1
DA:16,1
DA:17,1
DA:18,1
DA:19,1
DA:20,1
DA:21,1
DA:22,1
DA:23,1
DA:24,1
DA:25,1
DA:26,1
LF:26
LH:26
BRDA:13,0,0,1
BRDA:23,1,0,1
BRF:2
BRH:2
end_of_record
TN:
SF:graphql\schema\mutations\Plan.ts
FN:13,resolve
FN:23,resolve
FNF:2
FNH:2
FNDA:1,resolve
FNDA:1,resolve
DA:1,1
DA:2,1
DA:3,1
DA:4,1
DA:5,1
DA:6,1
DA:7,1
DA:8,1
DA:9,1
DA:10,1
DA:11,1
DA:12,1
DA:13,1
DA:14,1
DA:15,1
DA:16,1
DA:17,1
DA:18,1
DA:19,1
DA:20,1
DA:21,1
DA:22,1
DA:23,1
DA:24,1
DA:25,1
DA:26,1
LF:26
LH:26
BRDA:13,0,0,1
BRDA:23,1,0,1
BRF:2
BRH:2
end_of_record
TN:
SF:graphql\schema\mutations\Subscribe.ts
FN:12,resolve
FNF:1
FNH:0
FNDA:0,resolve
DA:1,1
DA:2,1
DA:3,1
DA:4,1
DA:5,1
DA:6,1
DA:7,1
DA:8,1
DA:9,1
DA:10,1
DA:11,1
DA:12,1
DA:13,0
DA:14,1
DA:15,1
LF:15
LH:14
BRF:0
BRH:0
end_of_record
TN:
SF:graphql\schema\mutations\User.ts
FN:18,resolve
FN:38,resolve
FN:58,resolve
FNF:3
FNH:3
FNDA:2,resolve
FNDA:3,resolve
FNDA:1,resolve
DA:1,1
DA:2,1
DA:3,1
DA:4,1
DA:5,1
DA:6,1
DA:7,1
DA:8,1
DA:9,1
DA:10,1
DA:11,1
DA:12,1
DA:13,1
DA:14,1
DA:15,1
DA:16,1
DA:17,1
DA:18,1
DA:19,2
DA:20,2
DA:21,2
DA:22,1
DA:23,1
DA:24,1
DA:25,2
DA:26,0
DA:27,0
DA:28,2
DA:29,1
DA:30,1
DA:31,1
DA:32,1
DA:33,1
DA:34,1
DA:35,1
DA:36,1
DA:37,1
DA:38,1
DA:39,3
DA:40,3
DA:41,3
DA:42,2
DA:43,2
DA:44,3
DA:45,1
DA:46,1
DA:47,3
DA:48,0
DA:49,0
DA:50,3
DA:51,1
DA:52,1
DA:53,1
DA:54,1
DA:55,1
DA:56,1
DA:57,1
DA:58,1
DA:59,1
DA:60,1
DA:61,1
LF:61
LH:57
BRDA:18,0,0,2
BRDA:21,1,0,1
BRDA:25,2,0,0
BRDA:38,3,0,3
BRDA:41,4,0,1
BRDA:42,5,0,2
BRDA:44,6,0,1
BRDA:47,7,0,0
BRDA:58,8,0,1
BRF:9
BRH:7
end_of_record
TN:
SF:graphql\schema\queries\Channel.ts
FN:7,resolve
FNF:1
FNH:0
FNDA:0,resolve
DA:1,1
DA:2,1
DA:3,1
DA:4,1
DA:5,1
DA:6,1
DA:7,1
DA:8,0
DA:9,0
DA:10,0
DA:11,1
LF:11
LH:8
BRF:0
BRH:0
end_of_record
TN:
SF:graphql\schema\queries\Plan.ts
FN:7,resolve
FNF:1
FNH:0
FNDA:0,resolve
DA:1,1
DA:2,1
DA:3,1
DA:4,1
DA:5,1
DA:6,1
DA:7,1
DA:8,0
DA:9,0
DA:10,1
LF:10
LH:8
BRF:0
BRH:0
end_of_record
TN:
SF:graphql\schema\queries\User.ts
FN:8,resolve
FN:19,resolve
FN:30,resolve
FNF:3
FNH:1
FNDA:0,resolve
FNDA:1,resolve
FNDA:0,resolve
DA:1,1
DA:2,1
DA:3,1
DA:4,1
DA:5,1
DA:6,1
DA:7,1
DA:8,1
DA:9,0
DA:10,1
DA:11,1
DA:12,1
DA:13,1
DA:14,1
DA:15,1
DA:16,1
DA:17,1
DA:18,1
DA:19,1
DA:20,1
DA:21,1
DA:22,1
DA:23,1
DA:24,1
DA:25,1
DA:26,1
DA:27,1
DA:28,1
DA:29,1
DA:30,1
DA:31,0
DA:32,1
DA:33,1
LF:33
LH:31
BRDA:19,0,0,1
BRF:1
BRH:1
end_of_record
TN:
SF:graphql\schema\types\Channel.ts
FN:10,fields
FNF:1
FNH:1
FNDA:1,fields
DA:1,1
DA:2,1
DA:3,1
DA:4,1
DA:5,1
DA:6,1
DA:7,1
DA:8,1
DA:9,1
DA:10,1
DA:11,1
DA:12,1
DA:13,1
DA:14,1
DA:15,1
DA:16,1
LF:16
LH:16
BRDA:10,0,0,1
BRF:1
BRH:1
end_of_record
TN:
SF:graphql\schema\types\Plan.ts
FN:11,fields
FNF:1
FNH:1
FNDA:1,fields
DA:1,1
DA:2,1
DA:3,1
DA:4,1
DA:5,1
DA:6,1
DA:7,1
DA:8,1
DA:9,1
DA:10,1
DA:11,1
DA:12,1
DA:13,1
DA:14,1
DA:15,1
DA:16,1
DA:17,1
DA:18,1
DA:19,1
LF:19
LH:19
BRDA:11,0,0,1
BRF:1
BRH:1
end_of_record
TN:
SF:graphql\schema\types\Subscribe.ts
FN:12,fields
FNF:1
FNH:1
FNDA:1,fields
DA:1,1
DA:2,1
DA:3,1
DA:4,1
DA:5,1
DA:6,1
DA:7,1
DA:8,1
DA:9,1
DA:10,1
DA:11,1
DA:12,1
DA:13,1
DA:14,1
DA:15,1
DA:16,1
DA:17,1
DA:18,1
DA:19,1
DA:20,1
DA:21,1
LF:21
LH:21
BRDA:12,0,0,1
BRF:1
BRH:1
end_of_record
TN:
SF:graphql\schema\types\User.ts
FN:12,fields
FNF:1
FNH:1
FNDA:1,fields
DA:1,1
DA:2,1
DA:3,1
DA:4,1
DA:5,1
DA:6,1
DA:7,1
DA:8,1
DA:9,1
DA:10,1
DA:11,1
DA:12,1
DA:13,1
DA:14,1
DA:15,1
DA:16,1
DA:17,1
DA:18,1
DA:19,1
DA:20,1
DA:21,1
DA:22,1
DA:23,1
LF:23
LH:23
BRDA:12,0,0,1
BRF:1
BRH:1
end_of_record
TN:
SF:middlewares\userMiddle.ts
FN:7,verifyEmail
FN:21,loginMiddileware
FN:40,checkAuth
FN:57,isAdmin
FN:71,isOperator
FNF:5
FNH:0
FNDA:0,verifyEmail
FNDA:0,loginMiddileware
FNDA:0,checkAuth
FNDA:0,isAdmin
FNDA:0,isOperator
DA:1,1
DA:2,1
DA:3,1
DA:4,1
DA:5,1
DA:6,1
DA:7,1
DA:8,0
DA:9,0
DA:10,0
DA:11,0
DA:12,0
DA:13,0
DA:14,0
DA:15,0
DA:16,0
DA:17,0
DA:18,0
DA:19,0
DA:20,1
DA:21,1
DA:22,0
DA:23,0
DA:24,0
DA:25,0
DA:26,0
DA:27,0
DA:28,0
DA:29,0
DA:30,0
DA:31,0
DA:32,0
DA:33,0
DA:34,0
DA:35,0
DA:36,0
DA:37,0
DA:38,0
DA:39,1
DA:40,1
DA:41,0
DA:42,0
DA:43,0
DA:44,0
DA:45,0
DA:46,0
DA:47,0
DA:48,0
DA:49,0
DA:50,0
DA:51,0
DA:52,0
DA:53,0
DA:54,0
DA:55,0
DA:56,1
DA:57,1
DA:58,0
DA:59,0
DA:60,0
DA:61,0
DA:62,0
DA:63,0
DA:64,0
DA:65,0
DA:66,0
DA:67,0
DA:68,0
DA:69,0
DA:70,0
DA:71,1
DA:72,0
DA:73,0
DA:74,0
DA:75,0
DA:76,0
DA:77,0
DA:78,0
DA:79,0
DA:80,0
DA:81,0
DA:82,0
DA:83,0
DA:84,0
LF:84
LH:14
BRF:0
BRH:0
end_of_record
TN:
SF:routes\channelRoute.ts
FNF:0
FNH:0
DA:1,1
DA:2,1
DA:3,1
DA:4,1
DA:5,1
DA:6,1
DA:7,1
DA:8,1
LF:8
LH:8
BRF:0
BRH:0
end_of_record
TN:
SF:routes\planRoute.ts
FNF:0
FNH:0
DA:1,1
DA:2,1
DA:3,1
DA:4,1
DA:5,1
DA:6,1
DA:7,1
DA:8,1
LF:8
LH:8
BRF:0
BRH:0
end_of_record
TN:
SF:routes\subscriptionRoute.ts
FNF:0
FNH:0
DA:1,1
DA:2,1
DA:3,1
DA:4,1
DA:5,1
DA:6,1
LF:6
LH:6
BRF:0
BRH:0
end_of_record
TN:
SF:routes\userRoute.ts
FNF:0
FNH:0
DA:1,1
DA:2,1
DA:3,1
DA:4,1
DA:5,1
DA:6,1
DA:7,1
DA:8,1
DA:9,1
DA:10,1
DA:11,1
LF:11
LH:11
BRF:0
BRH:0
end_of_record
TN:
SF:services\userServices.ts
FN:16,usersignup
FN:21,fetchUserData
FN:25,getAllUsers
FN:29,updateUser
FN:33,deleteUser
FN:37,plans
FN:45,addPlan
FN:49,deletePlan
FN:53,addChannel
FN:58,allChannels
FN:62,deleteChannel
FN:66,expires
FN:83,subscribedPlan
FN:100,allSubscription
FN:109,token
FNF:15
FNH:8
FNDA:1,usersignup
FNDA:6,fetchUserData
FNDA:0,getAllUsers
FNDA:0,updateUser
FNDA:1,deleteUser
FNDA:0,plans
FNDA:1,addPlan
FNDA:1,deletePlan
FNDA:1,addChannel
FNDA:0,allChannels
FNDA:1,deleteChannel
FNDA:0,expires
FNDA:0,subscribedPlan
FNDA:0,allSubscription
FNDA:1,token
DA:1,1
DA:2,1
DA:3,1
DA:4,1
DA:5,1
DA:6,1
DA:7,1
DA:8,1
DA:9,1
DA:10,1
DA:11,1
DA:12,1
DA:13,1
DA:14,1
DA:15,1
DA:16,1
DA:17,1
DA:18,1
DA:19,1
DA:20,1
DA:21,1
DA:22,6
DA:23,6
DA:24,1
DA:25,1
DA:26,0
DA:27,0
DA:28,1
DA:29,1
DA:30,0
DA:31,0
DA:32,1
DA:33,1
DA:34,1
DA:35,1
DA:36,1
DA:37,1
DA:38,0
DA:39,0
DA:40,0
DA:41,0
DA:42,0
DA:43,0
DA:44,1
DA:45,1
DA:46,1
DA:47,1
DA:48,1
DA:49,1
DA:50,1
DA:51,1
DA:52,1
DA:53,1
DA:54,1
DA:55,1
DA:56,1
DA:57,1
DA:58,1
DA:59,0
DA:60,0
DA:61,1
DA:62,1
DA:63,1
DA:64,1
DA:65,1
DA:66,1
DA:67,0
DA:68,0
DA:69,0
DA:70,0
DA:71,0
DA:72,0
DA:73,0
DA:74,0
DA:75,0
DA:76,0
DA:77,0
DA:78,0
DA:79,0
DA:80,0
DA:81,0
DA:82,1
DA:83,1
DA:84,0
DA:85,0
DA:86,0
DA:87,0
DA:88,0
DA:89,0
DA:90,0
DA:91,0
DA:92,0
DA:93,0
DA:94,0
DA:95,0
DA:96,0
DA:97,0
DA:98,0
DA:99,1
DA:100,1
DA:101,0
DA:102,0
DA:103,0
DA:104,0
DA:105,0
DA:106,0
DA:107,0
DA:108,1
DA:109,1
DA:110,1
DA:111,1
DA:112,1
DA:113,1
DA:114,1
DA:115,1
DA:116,1
DA:117,1
DA:118,1
DA:119,1
DA:120,1
DA:121,1
DA:122,1
DA:123,1
DA:124,1
DA:125,1
DA:126,1
DA:127,1
DA:128,1
DA:129,1
LF:129
LH:80
BRDA:16,0,0,1
BRDA:16,1,0,1
BRDA:21,2,0,6
BRDA:21,3,0,6
BRDA:33,4,0,1
BRDA:33,5,0,1
BRDA:45,6,0,1
BRDA:45,7,0,1
BRDA:49,8,0,1
BRDA:49,9,0,1
BRDA:53,10,0,1
BRDA:53,11,0,1
BRDA:62,12,0,1
BRDA:62,13,0,1
BRDA:109,14,0,1
BRDA:113,15,0,1
BRF:16
BRH:16
end_of_record
